<?xml version="1.0" encoding="UTF-8"?>
<!-- Generated by org.testng.reporters.JUnitReportReporter -->
<testsuite hostname="DESKTOP-1DHIJCC" name="com.test.TestClass" tests="1" failures="0" timestamp="10 Oct 2020 07:06:14 GMT" time="11.621" errors="0">
  <testcase name="Test1" time="11.621" classname="com.test.TestClass"/>
</testsuite> <!-- com.test.TestClass -->
