<?xml version="1.0" encoding="UTF-8"?>
<!-- Generated by org.testng.reporters.JUnitReportReporter -->
<testsuite skipped="0" hostname="DESKTOP-1DHIJCC" name="com.test.TestClass" tests="1" failures="0" timestamp="11 Oct 2020 23:15:50 GMT" time="13.258" errors="0">
  <testcase name="Test1" time="13.258" classname="com.test.TestClass"/>
</testsuite> <!-- com.test.TestClass -->
