<?xml version="1.0" encoding="UTF-8"?>
<!-- Generated by org.testng.reporters.JUnitReportReporter -->
<testsuite skipped="0" hostname="DESKTOP-1DHIJCC" name="com.testClass.TestMain" tests="1" failures="0" timestamp="12 Oct 2020 06:36:27 GMT" time="23.256" errors="0">
  <testcase name="Test" time="23.256" classname="com.testClass.TestMain"/>
</testsuite> <!-- com.testClass.TestMain -->
